This is pdfTeX, Version 3.141592653-2.6-1.40.23 (MiKTeX 21.8) (preloaded format=pdflatex 2021.11.5)  17 NOV 2021 18:06
entering extended mode
**"e:/ch master2/cours/BOURAHLA/tex.tex"
(e:/ch master2/cours/BOURAHLA/tex.tex
LaTeX2e <2021-06-01> patch level 1
L3 programming layer <2021-08-27> (E:\Program Files (x86)\miktex\tex/latex/base\article.cls
Document Class: article 2021/02/12 v1.4n Standard LaTeX document class
(E:\Program Files (x86)\miktex\tex/latex/base\size10.clo
File: size10.clo 2021/02/12 v1.4n Standard LaTeX file (size option)
)
\c@part=\count182
\c@section=\count183
\c@subsection=\count184
\c@subsubsection=\count185
\c@paragraph=\count186
\c@subparagraph=\count187
\c@figure=\count188
\c@table=\count189
\abovecaptionskip=\skip47
\belowcaptionskip=\skip48
\bibindent=\dimen138
) (E:\Program Files (x86)\miktex\tex/latex/forest\forest.sty
Package: forest 2017/07/14 v2.1.5 Drawing (linguistic) trees
 (E:\Program Files (x86)\miktex\tex/latex/pgf/frontendlayer\tikz.sty (E:\Program Files (x86)\miktex\tex/latex/pgf/basiclayer\pgf.sty (E:\Program Files (x86)\miktex\tex/latex/pgf/utilities\pgfrcs.sty (E:\Program Files (x86)\miktex\tex/generic/pgf/utilities\pgfutil-common.tex
\pgfutil@everybye=\toks16
\pgfutil@tempdima=\dimen139
\pgfutil@tempdimb=\dimen140
 (E:\Program Files (x86)\miktex\tex/generic/pgf/utilities\pgfutil-common-lists.tex)) (E:\Program Files (x86)\miktex\tex/generic/pgf/utilities\pgfutil-latex.def
\pgfutil@abb=\box50
) (E:\Program Files (x86)\miktex\tex/generic/pgf/utilities\pgfrcs.code.tex (E:\Program Files (x86)\miktex\tex/generic/pgf\pgf.revision.tex)
Package: pgfrcs 2021/05/15 v3.1.9a (3.1.9a)
))
Package: pgf 2021/05/15 v3.1.9a (3.1.9a)
 (E:\Program Files (x86)\miktex\tex/latex/pgf/basiclayer\pgfcore.sty (E:\Program Files (x86)\miktex\tex/latex/graphics\graphicx.sty
Package: graphicx 2020/12/05 v1.2c Enhanced LaTeX Graphics (DPC,SPQR)
 (E:\Program Files (x86)\miktex\tex/latex/graphics\keyval.sty
Package: keyval 2014/10/28 v1.15 key=value parser (DPC)
\KV@toks@=\toks17
) (E:\Program Files (x86)\miktex\tex/latex/graphics\graphics.sty
Package: graphics 2021/03/04 v1.4d Standard LaTeX Graphics (DPC,SPQR)
 (E:\Program Files (x86)\miktex\tex/latex/graphics\trig.sty
Package: trig 2016/01/03 v1.10 sin cos tan (DPC)
) (E:\Program Files (x86)\miktex\tex/latex/graphics-cfg\graphics.cfg
File: graphics.cfg 2016/06/04 v1.11 sample graphics configuration
)
Package graphics Info: Driver file: pdftex.def on input line 107.
 (E:\Program Files (x86)\miktex\tex/latex/graphics-def\pdftex.def
File: pdftex.def 2020/10/05 v1.2a Graphics/color driver for pdftex
))
\Gin@req@height=\dimen141
\Gin@req@width=\dimen142
) (E:\Program Files (x86)\miktex\tex/latex/pgf/systemlayer\pgfsys.sty (E:\Program Files (x86)\miktex\tex/generic/pgf/systemlayer\pgfsys.code.tex
Package: pgfsys 2021/05/15 v3.1.9a (3.1.9a)
 (E:\Program Files (x86)\miktex\tex/generic/pgf/utilities\pgfkeys.code.tex
\pgfkeys@pathtoks=\toks18
\pgfkeys@temptoks=\toks19
 (E:\Program Files (x86)\miktex\tex/generic/pgf/utilities\pgfkeysfiltered.code.tex
\pgfkeys@tmptoks=\toks20
))
\pgf@x=\dimen143
\pgf@y=\dimen144
\pgf@xa=\dimen145
\pgf@ya=\dimen146
\pgf@xb=\dimen147
\pgf@yb=\dimen148
\pgf@xc=\dimen149
\pgf@yc=\dimen150
\pgf@xd=\dimen151
\pgf@yd=\dimen152
\w@pgf@writea=\write3
\r@pgf@reada=\read2
\c@pgf@counta=\count190
\c@pgf@countb=\count191
\c@pgf@countc=\count192
\c@pgf@countd=\count193
\t@pgf@toka=\toks21
\t@pgf@tokb=\toks22
\t@pgf@tokc=\toks23
\pgf@sys@id@count=\count194
 (E:\Program Files (x86)\miktex\tex/generic/pgf/systemlayer\pgf.cfg
File: pgf.cfg 2021/05/15 v3.1.9a (3.1.9a)
)
Driver file for pgf: pgfsys-pdftex.def
 (E:\Program Files (x86)\miktex\tex/generic/pgf/systemlayer\pgfsys-pdftex.def
File: pgfsys-pdftex.def 2021/05/15 v3.1.9a (3.1.9a)
 (E:\Program Files (x86)\miktex\tex/generic/pgf/systemlayer\pgfsys-common-pdf.def
File: pgfsys-common-pdf.def 2021/05/15 v3.1.9a (3.1.9a)
))) (E:\Program Files (x86)\miktex\tex/generic/pgf/systemlayer\pgfsyssoftpath.code.tex
File: pgfsyssoftpath.code.tex 2021/05/15 v3.1.9a (3.1.9a)
\pgfsyssoftpath@smallbuffer@items=\count195
\pgfsyssoftpath@bigbuffer@items=\count196
) (E:\Program Files (x86)\miktex\tex/generic/pgf/systemlayer\pgfsysprotocol.code.tex
File: pgfsysprotocol.code.tex 2021/05/15 v3.1.9a (3.1.9a)
)) (E:\Program Files (x86)\miktex\tex/latex/xcolor\xcolor.sty
Package: xcolor 2016/05/11 v2.12 LaTeX color extensions (UK)
 (E:\Program Files (x86)\miktex\tex/latex/graphics-cfg\color.cfg
File: color.cfg 2016/01/02 v1.6 sample color configuration
)
Package xcolor Info: Driver file: pdftex.def on input line 225.
Package xcolor Info: Model `cmy' substituted by `cmy0' on input line 1348.
Package xcolor Info: Model `hsb' substituted by `rgb' on input line 1352.
Package xcolor Info: Model `RGB' extended on input line 1364.
Package xcolor Info: Model `HTML' substituted by `rgb' on input line 1366.
Package xcolor Info: Model `Hsb' substituted by `hsb' on input line 1367.
Package xcolor Info: Model `tHsb' substituted by `hsb' on input line 1368.
Package xcolor Info: Model `HSB' substituted by `hsb' on input line 1369.
Package xcolor Info: Model `Gray' substituted by `gray' on input line 1370.
Package xcolor Info: Model `wave' substituted by `hsb' on input line 1371.
) (E:\Program Files (x86)\miktex\tex/generic/pgf/basiclayer\pgfcore.code.tex
Package: pgfcore 2021/05/15 v3.1.9a (3.1.9a)
 (E:\Program Files (x86)\miktex\tex/generic/pgf/math\pgfmath.code.tex (E:\Program Files (x86)\miktex\tex/generic/pgf/math\pgfmathcalc.code.tex (E:\Program Files (x86)\miktex\tex/generic/pgf/math\pgfmathutil.code.tex) (E:\Program Files (x86)\miktex\tex/generic/pgf/math\pgfmathparser.code.tex
\pgfmath@dimen=\dimen153
\pgfmath@count=\count197
\pgfmath@box=\box51
\pgfmath@toks=\toks24
\pgfmath@stack@operand=\toks25
\pgfmath@stack@operation=\toks26
) (E:\Program Files (x86)\miktex\tex/generic/pgf/math\pgfmathfunctions.code.tex (E:\Program Files (x86)\miktex\tex/generic/pgf/math\pgfmathfunctions.basic.code.tex) (E:\Program Files (x86)\miktex\tex/generic/pgf/math\pgfmathfunctions.trigonometric.code.tex) (E:\Program Files (x86)\miktex\tex/generic/pgf/math\pgfmathfunctions.random.code.tex) (E:\Program Files (x86)\miktex\tex/generic/pgf/math\pgfmathfunctions.comparison.code.tex) (E:\Program Files (x86)\miktex\tex/generic/pgf/math\pgfmathfunctions.base.code.tex) (E:\Program Files (x86)\miktex\tex/generic/pgf/math\pgfmathfunctions.round.code.tex) (E:\Program Files (x86)\miktex\tex/generic/pgf/math\pgfmathfunctions.misc.code.tex) (E:\Program Files (x86)\miktex\tex/generic/pgf/math\pgfmathfunctions.integerarithmetics.code.tex))) (E:\Program Files (x86)\miktex\tex/generic/pgf/math\pgfmathfloat.code.tex
\c@pgfmathroundto@lastzeros=\count198
)) (E:\Program Files (x86)\miktex\tex/generic/pgf/math\pgfint.code.tex) (E:\Program Files (x86)\miktex\tex/generic/pgf/basiclayer\pgfcorepoints.code.tex
File: pgfcorepoints.code.tex 2021/05/15 v3.1.9a (3.1.9a)
\pgf@picminx=\dimen154
\pgf@picmaxx=\dimen155
\pgf@picminy=\dimen156
\pgf@picmaxy=\dimen157
\pgf@pathminx=\dimen158
\pgf@pathmaxx=\dimen159
\pgf@pathminy=\dimen160
\pgf@pathmaxy=\dimen161
\pgf@xx=\dimen162
\pgf@xy=\dimen163
\pgf@yx=\dimen164
\pgf@yy=\dimen165
\pgf@zx=\dimen166
\pgf@zy=\dimen167
) (E:\Program Files (x86)\miktex\tex/generic/pgf/basiclayer\pgfcorepathconstruct.code.tex
File: pgfcorepathconstruct.code.tex 2021/05/15 v3.1.9a (3.1.9a)
\pgf@path@lastx=\dimen168
\pgf@path@lasty=\dimen169
) (E:\Program Files (x86)\miktex\tex/generic/pgf/basiclayer\pgfcorepathusage.code.tex
File: pgfcorepathusage.code.tex 2021/05/15 v3.1.9a (3.1.9a)
\pgf@shorten@end@additional=\dimen170
\pgf@shorten@start@additional=\dimen171
) (E:\Program Files (x86)\miktex\tex/generic/pgf/basiclayer\pgfcorescopes.code.tex
File: pgfcorescopes.code.tex 2021/05/15 v3.1.9a (3.1.9a)
\pgfpic=\box52
\pgf@hbox=\box53
\pgf@layerbox@main=\box54
\pgf@picture@serial@count=\count199
) (E:\Program Files (x86)\miktex\tex/generic/pgf/basiclayer\pgfcoregraphicstate.code.tex
File: pgfcoregraphicstate.code.tex 2021/05/15 v3.1.9a (3.1.9a)
\pgflinewidth=\dimen172
) (E:\Program Files (x86)\miktex\tex/generic/pgf/basiclayer\pgfcoretransformations.code.tex
File: pgfcoretransformations.code.tex 2021/05/15 v3.1.9a (3.1.9a)
\pgf@pt@x=\dimen173
\pgf@pt@y=\dimen174
\pgf@pt@temp=\dimen175
) (E:\Program Files (x86)\miktex\tex/generic/pgf/basiclayer\pgfcorequick.code.tex
File: pgfcorequick.code.tex 2021/05/15 v3.1.9a (3.1.9a)
) (E:\Program Files (x86)\miktex\tex/generic/pgf/basiclayer\pgfcoreobjects.code.tex
File: pgfcoreobjects.code.tex 2021/05/15 v3.1.9a (3.1.9a)
) (E:\Program Files (x86)\miktex\tex/generic/pgf/basiclayer\pgfcorepathprocessing.code.tex
File: pgfcorepathprocessing.code.tex 2021/05/15 v3.1.9a (3.1.9a)
) (E:\Program Files (x86)\miktex\tex/generic/pgf/basiclayer\pgfcorearrows.code.tex
File: pgfcorearrows.code.tex 2021/05/15 v3.1.9a (3.1.9a)
\pgfarrowsep=\dimen176
) (E:\Program Files (x86)\miktex\tex/generic/pgf/basiclayer\pgfcoreshade.code.tex
File: pgfcoreshade.code.tex 2021/05/15 v3.1.9a (3.1.9a)
\pgf@max=\dimen177
\pgf@sys@shading@range@num=\count266
\pgf@shadingcount=\count267
) (E:\Program Files (x86)\miktex\tex/generic/pgf/basiclayer\pgfcoreimage.code.tex
File: pgfcoreimage.code.tex 2021/05/15 v3.1.9a (3.1.9a)
 (E:\Program Files (x86)\miktex\tex/generic/pgf/basiclayer\pgfcoreexternal.code.tex
File: pgfcoreexternal.code.tex 2021/05/15 v3.1.9a (3.1.9a)
\pgfexternal@startupbox=\box55
)) (E:\Program Files (x86)\miktex\tex/generic/pgf/basiclayer\pgfcorelayers.code.tex
File: pgfcorelayers.code.tex 2021/05/15 v3.1.9a (3.1.9a)
) (E:\Program Files (x86)\miktex\tex/generic/pgf/basiclayer\pgfcoretransparency.code.tex
File: pgfcoretransparency.code.tex 2021/05/15 v3.1.9a (3.1.9a)
) (E:\Program Files (x86)\miktex\tex/generic/pgf/basiclayer\pgfcorepatterns.code.tex
File: pgfcorepatterns.code.tex 2021/05/15 v3.1.9a (3.1.9a)
) (E:\Program Files (x86)\miktex\tex/generic/pgf/basiclayer\pgfcorerdf.code.tex
File: pgfcorerdf.code.tex 2021/05/15 v3.1.9a (3.1.9a)
))) (E:\Program Files (x86)\miktex\tex/generic/pgf/modules\pgfmoduleshapes.code.tex
File: pgfmoduleshapes.code.tex 2021/05/15 v3.1.9a (3.1.9a)
\pgfnodeparttextbox=\box56
) (E:\Program Files (x86)\miktex\tex/generic/pgf/modules\pgfmoduleplot.code.tex
File: pgfmoduleplot.code.tex 2021/05/15 v3.1.9a (3.1.9a)
) (E:\Program Files (x86)\miktex\tex/latex/pgf/compatibility\pgfcomp-version-0-65.sty
Package: pgfcomp-version-0-65 2021/05/15 v3.1.9a (3.1.9a)
\pgf@nodesepstart=\dimen178
\pgf@nodesepend=\dimen179
) (E:\Program Files (x86)\miktex\tex/latex/pgf/compatibility\pgfcomp-version-1-18.sty
Package: pgfcomp-version-1-18 2021/05/15 v3.1.9a (3.1.9a)
)) (E:\Program Files (x86)\miktex\tex/latex/pgf/utilities\pgffor.sty (E:\Program Files (x86)\miktex\tex/latex/pgf/utilities\pgfkeys.sty (E:\Program Files (x86)\miktex\tex/generic/pgf/utilities\pgfkeys.code.tex)) (E:\Program Files (x86)\miktex\tex/latex/pgf/math\pgfmath.sty (E:\Program Files (x86)\miktex\tex/generic/pgf/math\pgfmath.code.tex)) (E:\Program Files (x86)\miktex\tex/generic/pgf/utilities\pgffor.code.tex
Package: pgffor 2021/05/15 v3.1.9a (3.1.9a)
 (E:\Program Files (x86)\miktex\tex/generic/pgf/math\pgfmath.code.tex)
\pgffor@iter=\dimen180
\pgffor@skip=\dimen181
\pgffor@stack=\toks27
\pgffor@toks=\toks28
)) (E:\Program Files (x86)\miktex\tex/generic/pgf/frontendlayer/tikz\tikz.code.tex
Package: tikz 2021/05/15 v3.1.9a (3.1.9a)
 (E:\Program Files (x86)\miktex\tex/generic/pgf/libraries\pgflibraryplothandlers.code.tex
File: pgflibraryplothandlers.code.tex 2021/05/15 v3.1.9a (3.1.9a)
\pgf@plot@mark@count=\count268
\pgfplotmarksize=\dimen182
)
\tikz@lastx=\dimen183
\tikz@lasty=\dimen184
\tikz@lastxsaved=\dimen185
\tikz@lastysaved=\dimen186
\tikz@lastmovetox=\dimen187
\tikz@lastmovetoy=\dimen188
\tikzleveldistance=\dimen189
\tikzsiblingdistance=\dimen190
\tikz@figbox=\box57
\tikz@figbox@bg=\box58
\tikz@tempbox=\box59
\tikz@tempbox@bg=\box60
\tikztreelevel=\count269
\tikznumberofchildren=\count270
\tikznumberofcurrentchild=\count271
\tikz@fig@count=\count272
 (E:\Program Files (x86)\miktex\tex/generic/pgf/modules\pgfmodulematrix.code.tex
File: pgfmodulematrix.code.tex 2021/05/15 v3.1.9a (3.1.9a)
\pgfmatrixcurrentrow=\count273
\pgfmatrixcurrentcolumn=\count274
\pgf@matrix@numberofcolumns=\count275
)
\tikz@expandcount=\count276
 (E:\Program Files (x86)\miktex\tex/generic/pgf/frontendlayer/tikz/libraries\tikzlibrarytopaths.code.tex
File: tikzlibrarytopaths.code.tex 2021/05/15 v3.1.9a (3.1.9a)
))) (E:\Program Files (x86)\miktex\tex/generic/pgf/frontendlayer/tikz/libraries\tikzlibraryshapes.code.tex
File: tikzlibraryshapes.code.tex 2021/05/15 v3.1.9a (3.1.9a)
 (E:\Program Files (x86)\miktex\tex/generic/pgf/frontendlayer/tikz/libraries\tikzlibraryshapes.geometric.code.tex
File: tikzlibraryshapes.geometric.code.tex 2021/05/15 v3.1.9a (3.1.9a)
 (E:\Program Files (x86)\miktex\tex/generic/pgf/libraries/shapes\pgflibraryshapes.geometric.code.tex
File: pgflibraryshapes.geometric.code.tex 2021/05/15 v3.1.9a (3.1.9a)
)) (E:\Program Files (x86)\miktex\tex/generic/pgf/frontendlayer/tikz/libraries\tikzlibraryshapes.misc.code.tex
File: tikzlibraryshapes.misc.code.tex 2021/05/15 v3.1.9a (3.1.9a)
 (E:\Program Files (x86)\miktex\tex/generic/pgf/libraries/shapes\pgflibraryshapes.misc.code.tex
File: pgflibraryshapes.misc.code.tex 2021/05/15 v3.1.9a (3.1.9a)
)) (E:\Program Files (x86)\miktex\tex/generic/pgf/frontendlayer/tikz/libraries\tikzlibraryshapes.symbols.code.tex
File: tikzlibraryshapes.symbols.code.tex 2021/05/15 v3.1.9a (3.1.9a)
 (E:\Program Files (x86)\miktex\tex/generic/pgf/libraries/shapes\pgflibraryshapes.symbols.code.tex
File: pgflibraryshapes.symbols.code.tex 2021/05/15 v3.1.9a (3.1.9a)
)) (E:\Program Files (x86)\miktex\tex/generic/pgf/frontendlayer/tikz/libraries\tikzlibraryshapes.arrows.code.tex
File: tikzlibraryshapes.arrows.code.tex 2021/05/15 v3.1.9a (3.1.9a)
 (E:\Program Files (x86)\miktex\tex/generic/pgf/libraries/shapes\pgflibraryshapes.arrows.code.tex
File: pgflibraryshapes.arrows.code.tex 2021/05/15 v3.1.9a (3.1.9a)
)) (E:\Program Files (x86)\miktex\tex/generic/pgf/frontendlayer/tikz/libraries\tikzlibraryshapes.callouts.code.tex (E:\Program Files (x86)\miktex\tex/generic/pgf/libraries/shapes\pgflibraryshapes.callouts.code.tex)) (E:\Program Files (x86)\miktex\tex/generic/pgf/frontendlayer/tikz/libraries\tikzlibraryshapes.multipart.code.tex
File: tikzlibraryshapes.multipart.code.tex 2021/05/15 v3.1.9a (3.1.9a)
 (E:\Program Files (x86)\miktex\tex/generic/pgf/libraries/shapes\pgflibraryshapes.multipart.code.tex
File: pgflibraryshapes.multipart.code.tex 2021/05/15 v3.1.9a (3.1.9a)
\pgfnodepartlowerbox=\box61
\pgfnodeparttwobox=\box62
\pgfnodepartthreebox=\box63
\pgfnodepartfourbox=\box64
\pgfnodeparttwentybox=\box65
\pgfnodepartnineteenbox=\box66
\pgfnodeparteighteenbox=\box67
\pgfnodepartseventeenbox=\box68
\pgfnodepartsixteenbox=\box69
\pgfnodepartfifteenbox=\box70
\pgfnodepartfourteenbox=\box71
\pgfnodepartthirteenbox=\box72
\pgfnodeparttwelvebox=\box73
\pgfnodepartelevenbox=\box74
\pgfnodeparttenbox=\box75
\pgfnodepartninebox=\box76
\pgfnodeparteightbox=\box77
\pgfnodepartsevenbox=\box78
\pgfnodepartsixbox=\box79
\pgfnodepartfivebox=\box80
))) (E:\Program Files (x86)\miktex\tex/generic/pgf/frontendlayer/tikz/libraries\tikzlibraryfit.code.tex
File: tikzlibraryfit.code.tex 2021/05/15 v3.1.9a (3.1.9a)
) (E:\Program Files (x86)\miktex\tex/generic/pgf/frontendlayer/tikz/libraries\tikzlibrarycalc.code.tex
File: tikzlibrarycalc.code.tex 2021/05/15 v3.1.9a (3.1.9a)
) (E:\Program Files (x86)\miktex\tex/generic/pgf/libraries\pgflibraryintersections.code.tex (E:\Program Files (x86)\miktex\tex/generic/pgf/libraries\pgflibraryfpu.code.tex)
\pgf@intersect@solutions=\count277
) (E:\Program Files (x86)\miktex\tex/latex/pgfopts\pgfopts.sty
Package: pgfopts 2014/07/10 v2.1a LaTeX package options with pgfkeys
\pgfopts@list@add@a@toks=\toks29
\pgfopts@list@add@b@toks=\toks30
) (E:\Program Files (x86)\miktex\tex/latex/etoolbox\etoolbox.sty
Package: etoolbox 2020/10/05 v2.5k e-TeX tools for LaTeX (JAW)
\etb@tempcnta=\count278
) (E:\Program Files (x86)\miktex\tex/latex/elocalloc\elocalloc.sty
Package: elocalloc 2016/12/15 v0.03 local allocation for LaTeX 2015+ (DPC)
) (E:\Program Files (x86)\miktex\tex/latex/environ\environ.sty
Package: environ 2014/05/04 v0.3 A new way to define environments
 (E:\Program Files (x86)\miktex\tex/latex/trimspaces\trimspaces.sty
Package: trimspaces 2009/09/17 v1.1 Trim spaces around a token list
)
\@envbody=\toks31
) (E:\Program Files (x86)\miktex\tex/latex/l3packages/xparse\xparse.sty (E:\Program Files (x86)\miktex\tex/latex/l3kernel\expl3.sty
Package: expl3 2021-08-27 L3 programming layer (loader) 
 (E:\Program Files (x86)\miktex\tex/latex/l3backend\l3backend-pdftex.def
File: l3backend-pdftex.def 2021-08-04 L3 backend support: PDF output (pdfTeX)
\l__color_backend_stack_int=\count279
\l__pdf_internal_box=\box81
))
Package: xparse 2021-08-27 L3 Experimental document command parser
) (E:\Program Files (x86)\miktex\tex/latex/inlinedef\inlinedef.sty
Package: inlinedef 2008/07/10 v1.0 Inlined expansions within definitions
\ID@toks=\toks32
\ID@count=\count280
)
\ID@usercommands=\toks33
\safeloop@depth=\count281
\safeRKloop@depth=\count282
\forest@temp@dimen=\dimen191
\forest@temp@count=\count283
\forest@n=\count284
\forest@temp@global@count=\count285
\forest@temp@toks=\toks34
\forest@temparray@M=\count286
\forest@temparray@N=\count287
\forest@global@temparray@M=\count288
\forest@global@temparray@N=\count289
\forest@isnum@count=\count290
\forest@isdim@nonintpart=\count291
\forest@isdim@dimen=\dimen192
\forest@sort@m=\count292
\forest@sort@k=\count293
\forest@sort@p=\count294
\bracket@content=\toks35
\bracket@afterthought=\toks36
\forest@node@maxid=\count295
\forest@process@left@M=\count296
\forest@process@left@N=\count297
\forest@process@right@M=\count298
\forest@process@right@N=\count299
\forest@process@saved@M=\count300
\forest@process@saved@N=\count301
\forest@process@result@M=\count302
\forest@process@result@N=\count303
\forest@process@n=\count304
\forest@nodewalk@branch@toks=\toks37
\forest@nodewalk@shortsteps@resolution=\toks38
\forest@do@dynamics=\toks39
\forest@box=\box82
\forest@xg=\dimen193
\forest@yg=\dimen194
\forest@xs=\dimen195
\forest@ys=\dimen196
\forest@pi@toks=\toks40
\forest@segment@toks=\toks41
\forest@PIi@toks=\toks42
\forest@PIii@toks=\toks43
\forest@copy@in=\read3
\forest@copy@out=\write4
\forest@externalize@max@outer@n=\count305
\forest@externalize@inner@n=\count306
) (tex.aux)
\openout1 = `tex.aux'.

LaTeX Font Info:    Checking defaults for OML/cmm/m/it on input line 3.
LaTeX Font Info:    ... okay on input line 3.
LaTeX Font Info:    Checking defaults for OMS/cmsy/m/n on input line 3.
LaTeX Font Info:    ... okay on input line 3.
LaTeX Font Info:    Checking defaults for OT1/cmr/m/n on input line 3.
LaTeX Font Info:    ... okay on input line 3.
LaTeX Font Info:    Checking defaults for T1/cmr/m/n on input line 3.
LaTeX Font Info:    ... okay on input line 3.
LaTeX Font Info:    Checking defaults for TS1/cmr/m/n on input line 3.
LaTeX Font Info:    ... okay on input line 3.
LaTeX Font Info:    Checking defaults for OMX/cmex/m/n on input line 3.
LaTeX Font Info:    ... okay on input line 3.
LaTeX Font Info:    Checking defaults for U/cmr/m/n on input line 3.
LaTeX Font Info:    ... okay on input line 3.
 (E:\Program Files (x86)\miktex\tex/context/base/mkii\supp-pdf.mkii
[Loading MPS to PDF converter (version 2006.09.02).]
\scratchcounter=\count307
\scratchdimen=\dimen197
\scratchbox=\box83
\nofMPsegments=\count308
\nofMParguments=\count309
\everyMPshowfont=\toks44
\MPscratchCnt=\count310
\MPscratchDim=\dimen198
\MPnumerator=\count311
\makeMPintoPDFobject=\count312
\everyMPtoPDFconversion=\toks45
) (E:\Program Files (x86)\miktex\tex/latex/epstopdf-pkg\epstopdf-base.sty
Package: epstopdf-base 2020-01-24 v2.11 Base part for package epstopdf
Package epstopdf-base Info: Redefining graphics rule for `.eps' on input line 485.
 (E:\Program Files (x86)\miktex\tex/latex/00miktex\epstopdf-sys.cfg
File: epstopdf-sys.cfg 2021/03/18 v2.0 Configuration of epstopdf for MiKTeX
))

e:/ch master2/cours/BOURAHLA/tex.tex:9: Package inputenc Error: Unicode character ́ (U+0301)
(inputenc)                not set up for use with LaTeX.

See the inputenc package documentation for explanation.
Type  H <return>  for immediate help.
 ...                                              
                                                  
l.9 ...reste sous-optimale pour la tˆache de d ́
                                                  ecision donnee.
You may provide a definition with
\DeclareUnicodeCharacter 


e:/ch master2/cours/BOURAHLA/tex.tex:10: Package inputenc Error: Unicode character ́ (U+0301)
(inputenc)                not set up for use with LaTeX.

See the inputenc package documentation for explanation.
Type  H <return>  for immediate help.
 ...                                              
                                                  
l.10 ...e correspond aux ressources de calcul n ́
                                                  ecessaires durant chaque
You may provide a definition with
\DeclareUnicodeCharacter 


e:/ch master2/cours/BOURAHLA/tex.tex:11: Package inputenc Error: Unicode character ́ (U+0301)
(inputenc)                not set up for use with LaTeX.

See the inputenc package documentation for explanation.
Type  H <return>  for immediate help.
 ...                                              
                                                  
l.11         cycle `a l’agent pour r ́
                                         eviser sa strat ́egie et choisir u...
You may provide a definition with
\DeclareUnicodeCharacter 


e:/ch master2/cours/BOURAHLA/tex.tex:11: Package inputenc Error: Unicode character ́ (U+0301)
(inputenc)                not set up for use with LaTeX.

See the inputenc package documentation for explanation.
Type  H <return>  for immediate help.
 ...                                              
                                                  
l.11 ...e `a l’agent pour r ́eviser sa strat ́
                                                  egie et choisir une action.
You may provide a definition with
\DeclareUnicodeCharacter 


e:/ch master2/cours/BOURAHLA/tex.tex:16: Package inputenc Error: Unicode character ́ (U+0301)
(inputenc)                not set up for use with LaTeX.

See the inputenc package documentation for explanation.
Type  H <return>  for immediate help.
 ...                                              
                                                  
l.16 ... ́efinition du mod`ele d’apprentissage}
                                                  
You may provide a definition with
\DeclareUnicodeCharacter 


e:/ch master2/cours/BOURAHLA/tex.tex:18: Package inputenc Error: Unicode character ́ (U+0301)
(inputenc)                not set up for use with LaTeX.

See the inputenc package documentation for explanation.
Type  H <return>  for immediate help.
 ...                                              
                                                  
l.18     sources de complexit ́
                                e. Les observations, les actions et le feedb...
You may provide a definition with
\DeclareUnicodeCharacter 


e:/ch master2/cours/BOURAHLA/tex.tex:19: Package inputenc Error: Unicode character ́ (U+0301)
(inputenc)                not set up for use with LaTeX.

See the inputenc package documentation for explanation.
Type  H <return>  for immediate help.
 ...                                              
                                                  
l.19     influer sur la difficult ́
                                    e de l’apprentissage
You may provide a definition with
\DeclareUnicodeCharacter 


e:/ch master2/cours/BOURAHLA/tex.tex:20: Package inputenc Error: Unicode character ́ (U+0301)
(inputenc)                not set up for use with LaTeX.

See the inputenc package documentation for explanation.
Type  H <return>  for immediate help.
 ...                                              
                                                  
l.20 ...sur la difficult ́e de l’apprentissage}
                                                  
You may provide a definition with
\DeclareUnicodeCharacter 


e:/ch master2/cours/BOURAHLA/tex.tex:27: Package inputenc Error: Unicode character ́ (U+0301)
(inputenc)                not set up for use with LaTeX.

See the inputenc package documentation for explanation.
Type  H <return>  for immediate help.
 ...                                              
                                                  
l.27 ...tissage supervis ́e de porte logique XOR}
                                                  
You may provide a definition with
\DeclareUnicodeCharacter 


Overfull \hbox (52.7292pt too wide) in paragraph at lines 27--27
[]\OT1/cmr/bx/n/12 Donner avec ex-pli-ca-tion les com-posants du probl`eme l'apprentissage
 []


e:/ch master2/cours/BOURAHLA/tex.tex:28: Package inputenc Error: Unicode character ́ (U+0301)
(inputenc)                not set up for use with LaTeX.

See the inputenc package documentation for explanation.
Type  H <return>  for immediate help.
 ...                                              
                                                  
l.28 ...voyer une valeur vraie si les deux entr ́
                                                  ees ne sont
You may provide a definition with
\DeclareUnicodeCharacter 


e:/ch master2/cours/BOURAHLA/tex.tex:29: Package inputenc Error: Unicode character ́ (U+0301)
(inputenc)                not set up for use with LaTeX.

See the inputenc package documentation for explanation.
Type  H <return>  for immediate help.
 ...                                              
                                                  
l.29     pas  ́
                egales et une valeur fausse si elles sont  ́egales -l’esp...
You may provide a definition with
\DeclareUnicodeCharacter 


e:/ch master2/cours/BOURAHLA/tex.tex:29: Package inputenc Error: Unicode character ́ (U+0301)
(inputenc)                not set up for use with LaTeX.

See the inputenc package documentation for explanation.
Type  H <return>  for immediate help.
 ...                                              
                                                  
l.29 ...les et une valeur fausse si elles sont  ́
                                                  egales -l’espace des ent...
You may provide a definition with
\DeclareUnicodeCharacter 


e:/ch master2/cours/BOURAHLA/tex.tex:29: Package inputenc Error: Unicode character ́ (U+0301)
(inputenc)                not set up for use with LaTeX.

See the inputenc package documentation for explanation.
Type  H <return>  for immediate help.
 ...                                              
                                                  
l.29 ...les sont  ́egales -l’espace des entr ́
                                                  ees est X
You may provide a definition with
\DeclareUnicodeCharacter 

Runaway argument?
{,afterthought={ 
e:/ch master2/cours/BOURAHLA/tex.tex:40: Paragraph ended before \forestOappto was complete.
<to be read again> 
                   \par 
l.40     \end{forest}
                     
I suspect you've forgotten a `}', causing me to apply this
control sequence to too much text. How can we recover?
My plan is to forget the whole thing and hope for the best.

e:/ch master2/cours/BOURAHLA/tex.tex:40: Extra }, or forgotten \endgroup.
<argument> ...iven options}{,afterthought={ \par }
                                                  }
l.40     \end{forest}
                     
I've deleted a group-closing symbol because it seems to be
spurious, as in `$x}$'. But perhaps the } is legitimate and
you forgot something else, as in `\hbox{$x}'. In such cases
the way to recover is to insert both the forgotten and the
deleted material, e.g., by typing `I$}'.

e:/ch master2/cours/BOURAHLA/tex.tex:40: Extra }, or forgotten \endgroup.
<argument> ...ven options}{,afterthought={ \par }}
                                                  
l.40     \end{forest}
                     
I've deleted a group-closing symbol because it seems to be
spurious, as in `$x}$'. But perhaps the } is legitimate and
you forgot something else, as in `\hbox{$x}'. In such cases
the way to recover is to insert both the forgotten and the
deleted material, e.g., by typing `I$}'.

[1

{C:/Users/Omar/AppData/Local/MiKTeX/pdftex/config/pdftex.map}]

e:/ch master2/cours/BOURAHLA/tex.tex:43: Package inputenc Error: Unicode character ́ (U+0301)
(inputenc)                not set up for use with LaTeX.

See the inputenc package documentation for explanation.
Type  H <return>  for immediate help.
 ...                                              
                                                  
l.43     requˆete d’ ́equivalence est}
                                          
You may provide a definition with
\DeclareUnicodeCharacter 


e:/ch master2/cours/BOURAHLA/tex.tex:43: Package inputenc Error: Unicode character ́ (U+0301)
(inputenc)                not set up for use with LaTeX.

See the inputenc package documentation for explanation.
Type  H <return>  for immediate help.
 ...                                              
                                                  
l.43     requˆete d’ ́equivalence est}
                                          
You may provide a definition with
\DeclareUnicodeCharacter 


e:/ch master2/cours/BOURAHLA/tex.tex:45: Package inputenc Error: Unicode character ́ (U+0301)
(inputenc)                not set up for use with LaTeX.

See the inputenc package documentation for explanation.
Type  H <return>  for immediate help.
 ...                                              
                                                  
l.45 ...ance (MQ) associe `a une instance x pos ́
                                                  ee par
You may provide a definition with
\DeclareUnicodeCharacter 


e:/ch master2/cours/BOURAHLA/tex.tex:46: Package inputenc Error: Unicode character ́ (U+0301)
(inputenc)                not set up for use with LaTeX.

See the inputenc package documentation for explanation.
Type  H <return>  for immediate help.
 ...                                              
                                                  
l.46         l’apprenant la r ́
                                  eponse oui si h(x) = 1, et non sinon.
You may provide a definition with
\DeclareUnicodeCharacter 


e:/ch master2/cours/BOURAHLA/tex.tex:47: Package inputenc Error: Unicode character ́ (U+0301)
(inputenc)                not set up for use with LaTeX.

See the inputenc package documentation for explanation.
Type  H <return>  for immediate help.
 ...                                              
                                                  
l.47         \item Une requˆete d’ ́
                                        equivalence (EQ) associe `a une hypo...
You may provide a definition with
\DeclareUnicodeCharacter 


e:/ch master2/cours/BOURAHLA/tex.tex:47: Package inputenc Error: Unicode character ́ (U+0301)
(inputenc)                not set up for use with LaTeX.

See the inputenc package documentation for explanation.
Type  H <return>  for immediate help.
 ...                                              
                                                  
l.47 ...ce (EQ) associe `a une hypoth`ese h pos ́
                                                  e par
You may provide a definition with
\DeclareUnicodeCharacter 


e:/ch master2/cours/BOURAHLA/tex.tex:48: Package inputenc Error: Unicode character ́ (U+0301)
(inputenc)                not set up for use with LaTeX.

See the inputenc package documentation for explanation.
Type  H <return>  for immediate help.
 ...                                              
                                                  
l.48         l’apprenant la r ́
                                  eponse oui si h = h, et non sinon
You may provide a definition with
\DeclareUnicodeCharacter 


e:/ch master2/cours/BOURAHLA/tex.tex:51: Package inputenc Error: Unicode character ́ (U+0301)
(inputenc)                not set up for use with LaTeX.

See the inputenc package documentation for explanation.
Type  H <return>  for immediate help.
 ...                                              
                                                  
l.51     (le concept) le plus sp ́ecifiqu}
                                            est h1((x1,x2,x3)) = x1
You may provide a definition with
\DeclareUnicodeCharacter 


e:/ch master2/cours/BOURAHLA/tex.tex:56: Package inputenc Error: Unicode character ́ (U+0301)
(inputenc)                not set up for use with LaTeX.

See the inputenc package documentation for explanation.
Type  H <return>  for immediate help.
 ...                                              
                                                  
l.56 ...m et si h*((0,1,1)) = 1, requˆete d’ ́
                                                  equivalence (EQ)
You may provide a definition with
\DeclareUnicodeCharacter 


e:/ch master2/cours/BOURAHLA/tex.tex:64: Package inputenc Error: Unicode character ́ (U+0301)
(inputenc)                not set up for use with LaTeX.

See the inputenc package documentation for explanation.
Type  H <return>  for immediate help.
 ...                                              
                                                  
l.64     PAC}
             
You may provide a definition with
\DeclareUnicodeCharacter 


e:/ch master2/cours/BOURAHLA/tex.tex:66: Package inputenc Error: Unicode character ́ (U+0301)
(inputenc)                not set up for use with LaTeX.

See the inputenc package documentation for explanation.
Type  H <return>  for immediate help.
 ...                                              
                                                  
l.66     qu’il n’existe a priori aucune d ́
                                                ependance fonctionnelle entr...
You may provide a definition with
\DeclareUnicodeCharacter 


e:/ch master2/cours/BOURAHLA/tex.tex:67: Package inputenc Error: Unicode character ́ (U+0301)
(inputenc)                not set up for use with LaTeX.

See the inputenc package documentation for explanation.
Type  H <return>  for immediate help.
 ...                                              
                                                  
l.67     et une d ́
                    ecision y dans un exemple tir ́e dans D. En revanche, d...
You may provide a definition with
\DeclareUnicodeCharacter 


e:/ch master2/cours/BOURAHLA/tex.tex:67: Package inputenc Error: Unicode character ́ (U+0301)
(inputenc)                not set up for use with LaTeX.

See the inputenc package documentation for explanation.
Type  H <return>  for immediate help.
 ...                                              
                                                  
l.67 ...t une d ́ecision y dans un exemple tir ́
                                                  e dans D. En revanche, dan...
You may provide a definition with
\DeclareUnicodeCharacter 


e:/ch master2/cours/BOURAHLA/tex.tex:68: Package inputenc Error: Unicode character ́ (U+0301)
(inputenc)                not set up for use with LaTeX.

See the inputenc package documentation for explanation.
Type  H <return>  for immediate help.
 ...                                              
                                                  
l.68 ...AC), nous supposons qu’il existe uned ́
                                                  ependance fonctionnelle go...
You may provide a definition with
\DeclareUnicodeCharacter 


e:/ch master2/cours/BOURAHLA/tex.tex:68: Package inputenc Error: Unicode character ́ (U+0301)
(inputenc)                not set up for use with LaTeX.

See the inputenc package documentation for explanation.
Type  H <return>  for immediate help.
 ...                                              
                                                  
l.68 ... uned ́ependance fonctionnelle gouvern ́
                                                  ee
You may provide a definition with
\DeclareUnicodeCharacter 

[2]
LaTeX Font Info:    External font `cmex10' loaded for size
(Font)              <7> on input line 73.
LaTeX Font Info:    External font `cmex10' loaded for size
(Font)              <5> on input line 73.

Runaway argument?
{,afterthought={\unexpanded { 
e:/ch master2/cours/BOURAHLA/tex.tex:98: Paragraph ended before \forestOeappto was complete.
<to be read again> 
                   \par 
l.98     \end{forest}
                     
I suspect you've forgotten a `}', causing me to apply this
control sequence to too much text. How can we recover?
My plan is to forget the whole thing and hope for the best.

e:/ch master2/cours/BOURAHLA/tex.tex:98: Extra }, or forgotten \endgroup.
<argument> ...{,afterthought={\unexpanded { \par }
                                                  }}
l.98     \end{forest}
                     
I've deleted a group-closing symbol because it seems to be
spurious, as in `$x}$'. But perhaps the } is legitimate and
you forgot something else, as in `\hbox{$x}'. In such cases
the way to recover is to insert both the forgotten and the
deleted material, e.g., by typing `I$}'.

e:/ch master2/cours/BOURAHLA/tex.tex:98: Extra }, or forgotten \endgroup.
<argument> ...,afterthought={\unexpanded { \par }}
                                                  }
l.98     \end{forest}
                     
I've deleted a group-closing symbol because it seems to be
spurious, as in `$x}$'. But perhaps the } is legitimate and
you forgot something else, as in `\hbox{$x}'. In such cases
the way to recover is to insert both the forgotten and the
deleted material, e.g., by typing `I$}'.

e:/ch master2/cours/BOURAHLA/tex.tex:98: Extra }, or forgotten \endgroup.
<argument> ...afterthought={\unexpanded { \par }}}
                                                  
l.98     \end{forest}
                     
I've deleted a group-closing symbol because it seems to be
spurious, as in `$x}$'. But perhaps the } is legitimate and
you forgot something else, as in `\hbox{$x}'. In such cases
the way to recover is to insert both the forgotten and the
deleted material, e.g., by typing `I$}'.

[3]
e:/ch master2/cours/BOURAHLA/tex.tex:118: Missing $ inserted.
<inserted text> 
                $
l.118         gate_
                   and[a, b, c]\\
I've inserted a begin-math/end-math symbol since I think
you left one out. Proceed, with fingers crossed.

e:/ch master2/cours/BOURAHLA/tex.tex:125: Missing $ inserted.
<inserted text> 
                $
l.125     \subsection
                     *{OR}
I've inserted a begin-math/end-math symbol since I think
you left one out. Proceed, with fingers crossed.


Underfull \hbox (badness 10000) in paragraph at lines 104--125

 []

e:/ch master2/cours/BOURAHLA/tex.tex:140: Missing $ inserted.
<inserted text> 
                $
l.140         gate_
                   OR[a, b, c]\\
I've inserted a begin-math/end-math symbol since I think
you left one out. Proceed, with fingers crossed.

e:/ch master2/cours/BOURAHLA/tex.tex:147: Missing $ inserted.
<inserted text> 
                $
l.147     \subsection
                     *{XOR}
I've inserted a begin-math/end-math symbol since I think
you left one out. Proceed, with fingers crossed.


Underfull \hbox (badness 10000) in paragraph at lines 126--147

 []

[4]
e:/ch master2/cours/BOURAHLA/tex.tex:162: Missing $ inserted.
<inserted text> 
                $
l.162         gate_
                   XOR[a, b, c]\\
I've inserted a begin-math/end-math symbol since I think
you left one out. Proceed, with fingers crossed.

e:/ch master2/cours/BOURAHLA/tex.tex:168: Missing $ inserted.
<inserted text> 
                $
l.168 
      
I've inserted a begin-math/end-math symbol since I think
you left one out. Proceed, with fingers crossed.


Underfull \hbox (badness 10000) in paragraph at lines 148--168

 []

[5] [6] (tex.aux) ) 
Here is how much of TeX's memory you used:
 24785 strings out of 478927
 583007 string characters out of 2859569
 871331 words of memory out of 3000000
 42388 multiletter control sequences out of 15000+600000
 404640 words of font info for 31 fonts, out of 8000000 for 9000
 1141 hyphenation exceptions out of 8191
 138i,8n,124p,1626b,2358s stack positions out of 5000i,500n,10000p,200000b,80000s
<E:/Program Files (x86)/miktex/fonts/type1/public/amsfonts/cm/cmbx12.pfb><E:/Program Files (x86)/miktex/fonts/type1/public/amsfonts/cm/cmmi10.pfb><E:/Program Files (x86)/miktex/fonts/type1/public/amsfonts/cm/cmmi7.pfb><E:/Program Files (x86)/miktex/fonts/type1/public/amsfonts/cm/cmr10.pfb><E:/Program Files (x86)/miktex/fonts/type1/public/amsfonts/cm/cmsy10.pfb>
Output written on tex.pdf (6 pages, 84901 bytes).
PDF statistics:
 49 PDF objects out of 1000 (max. 8388607)
 0 named destinations out of 1000 (max. 500000)
 13 words of extra memory for PDF output out of 10000 (max. 10000000)

